<?xml version="1.0" encoding="UTF-8"?>
<!-- Generated by org.testng.reporters.JUnitReportReporter -->
<testsuite hostname="Prabhani-PC" failures="0" tests="1" name="jsondatadriven.jsondata" time="8.422" errors="0" timestamp="05 Aug 2018 08:23:57 GMT" skipped="0">
  <testcase classname="jsondatadriven.jsondata" name="testSearch" time="8.422"/>
</testsuite> <!-- jsondatadriven.jsondata -->
